Flow report for top_module
Sun Feb 13 14:48:42 2022
Quartus Prime Version 20.1.1 Build 720 11/11/2020 SJ Lite Edition


---------------------
; Table of Contents ;
---------------------
  1. Legal Notice
  2. Flow Summary
  3. Flow Settings
  4. Flow Non-Default Global Settings
  5. Flow Elapsed Time
  6. Flow OS Summary
  7. Flow Log
  8. Flow Messages
  9. Flow Suppressed Messages



----------------
; Legal Notice ;
----------------
Copyright (C) 2020  Intel Corporation. All rights reserved.
Your use of Intel Corporation's design tools, logic functions 
and other software and tools, and any partner logic 
functions, and any output files from any of the foregoing 
(including device programming or simulation files), and any 
associated documentation or information are expressly subject 
to the terms and conditions of the Intel Program License 
Subscription Agreement, the Intel Quartus Prime License Agreement,
the Intel FPGA IP License Agreement, or other applicable license
agreement, including, without limitation, that your use is for
the sole purpose of programming logic devices manufactured by
Intel and sold by Intel or its authorized distributors.  Please
refer to the applicable agreement for further details, at
https://fpgasoftware.intel.com/eula.



+----------------------------------------------------------------------------------+
; Flow Summary                                                                     ;
+------------------------------------+---------------------------------------------+
; Flow Status                        ; Successful - Sun Feb 13 14:48:42 2022       ;
; Quartus Prime Version              ; 20.1.1 Build 720 11/11/2020 SJ Lite Edition ;
; Revision Name                      ; top_module                                  ;
; Top-level Entity Name              ; top_module                                  ;
; Family                             ; Cyclone IV E                                ;
; Total logic elements               ; 40 / 6,272 ( < 1 % )                        ;
;     Total combinational functions  ; 40 / 6,272 ( < 1 % )                        ;
;     Dedicated logic registers      ; 16 / 6,272 ( < 1 % )                        ;
; Total registers                    ; 16                                          ;
; Total pins                         ; 22 / 92 ( 24 % )                            ;
; Total virtual pins                 ; 0                                           ;
; Total memory bits                  ; 0 / 276,480 ( 0 % )                         ;
; Embedded Multiplier 9-bit elements ; 0 / 30 ( 0 % )                              ;
; Total PLLs                         ; 0 / 2 ( 0 % )                               ;
; Device                             ; EP4CE6E22C6                                 ;
; Timing Models                      ; Final                                       ;
+------------------------------------+---------------------------------------------+


+-----------------------------------------+
; Flow Settings                           ;
+-------------------+---------------------+
; Option            ; Setting             ;
+-------------------+---------------------+
; Start date & time ; 02/12/2022 20:12:56 ;
; Main task         ; Compilation         ;
; Revision Name     ; top_module          ;
+-------------------+---------------------+


+-------------------------------------------------------------------------------------------------------------------------+
; Flow Non-Default Global Settings                                                                                        ;
+-------------------------------------+----------------------------------------+---------------+-------------+------------+
; Assignment Name                     ; Value                                  ; Default Value ; Entity Name ; Section Id ;
+-------------------------------------+----------------------------------------+---------------+-------------+------------+
; COMPILER_SIGNATURE_ID               ; 1095742898405.164466797602456          ; --            ; --          ; --         ;
; PARTITION_COLOR                     ; -- (Not supported for targeted family) ; --            ; --          ; Top        ;
; PARTITION_FITTER_PRESERVATION_LEVEL ; -- (Not supported for targeted family) ; --            ; --          ; Top        ;
; PARTITION_NETLIST_TYPE              ; -- (Not supported for targeted family) ; --            ; --          ; Top        ;
; PROJECT_OUTPUT_DIRECTORY            ; output_files                           ; --            ; --          ; --         ;
+-------------------------------------+----------------------------------------+---------------+-------------+------------+


+--------------------------------------------------------------------------------------------------------------------------+
; Flow Elapsed Time                                                                                                        ;
+----------------------+--------------+-------------------------+---------------------+------------------------------------+
; Module Name          ; Elapsed Time ; Average Processors Used ; Peak Virtual Memory ; Total CPU Time (on all processors) ;
+----------------------+--------------+-------------------------+---------------------+------------------------------------+
; Analysis & Synthesis ; 00:00:15     ; 1.0                     ; 4798 MB             ; 00:00:38                           ;
; Fitter               ; 00:00:08     ; 1.0                     ; 5792 MB             ; 00:00:10                           ;
; Assembler            ; 00:00:01     ; 1.0                     ; 4677 MB             ; 00:00:01                           ;
; Timing Analyzer      ; 00:00:03     ; 1.0                     ; 4818 MB             ; 00:00:03                           ;
; EDA Netlist Writer   ; 00:00:01     ; 1.0                     ; 4628 MB             ; 00:00:01                           ;
; EDA Netlist Writer   ; 00:00:01     ; 1.0                     ; 4638 MB             ; 00:00:01                           ;
; EDA Netlist Writer   ; 00:00:01     ; 1.0                     ; 4627 MB             ; 00:00:01                           ;
; EDA Netlist Writer   ; 00:00:01     ; 1.0                     ; 4638 MB             ; 00:00:01                           ;
; EDA Netlist Writer   ; 00:00:01     ; 1.0                     ; 4628 MB             ; 00:00:01                           ;
; EDA Netlist Writer   ; 00:00:00     ; 1.0                     ; 4637 MB             ; 00:00:01                           ;
; EDA Netlist Writer   ; 00:00:01     ; 1.0                     ; 4628 MB             ; 00:00:01                           ;
; EDA Netlist Writer   ; 00:00:00     ; 1.0                     ; 4636 MB             ; 00:00:01                           ;
; EDA Netlist Writer   ; 00:00:01     ; 1.0                     ; 4628 MB             ; 00:00:01                           ;
; EDA Netlist Writer   ; 00:00:01     ; 1.0                     ; 4636 MB             ; 00:00:01                           ;
; EDA Netlist Writer   ; 00:00:04     ; 1.0                     ; 4628 MB             ; 00:00:01                           ;
; EDA Netlist Writer   ; 00:00:01     ; 1.0                     ; 4636 MB             ; 00:00:01                           ;
; EDA Netlist Writer   ; 00:00:00     ; 1.0                     ; 4628 MB             ; 00:00:01                           ;
; EDA Netlist Writer   ; 00:00:01     ; 1.0                     ; 4636 MB             ; 00:00:01                           ;
; EDA Netlist Writer   ; 00:00:01     ; 1.0                     ; 4628 MB             ; 00:00:01                           ;
; EDA Netlist Writer   ; 00:00:01     ; 1.0                     ; 4636 MB             ; 00:00:01                           ;
; EDA Netlist Writer   ; 00:00:04     ; 1.0                     ; 4628 MB             ; 00:00:01                           ;
; EDA Netlist Writer   ; 00:00:01     ; 1.0                     ; 4636 MB             ; 00:00:01                           ;
; Total                ; 00:00:48     ; --                      ; --                  ; 00:01:10                           ;
+----------------------+--------------+-------------------------+---------------------+------------------------------------+


+------------------------------------------------------------------------------------+
; Flow OS Summary                                                                    ;
+----------------------+------------------+------------+------------+----------------+
; Module Name          ; Machine Hostname ; OS Name    ; OS Version ; Processor type ;
+----------------------+------------------+------------+------------+----------------+
; Analysis & Synthesis ; LAPTOP-TFHE154E  ; Windows 10 ; 10.0       ; x86_64         ;
; Fitter               ; LAPTOP-TFHE154E  ; Windows 10 ; 10.0       ; x86_64         ;
; Assembler            ; LAPTOP-TFHE154E  ; Windows 10 ; 10.0       ; x86_64         ;
; Timing Analyzer      ; LAPTOP-TFHE154E  ; Windows 10 ; 10.0       ; x86_64         ;
; EDA Netlist Writer   ; LAPTOP-TFHE154E  ; Windows 10 ; 10.0       ; x86_64         ;
; EDA Netlist Writer   ; LAPTOP-TFHE154E  ; Windows 10 ; 10.0       ; x86_64         ;
; EDA Netlist Writer   ; LAPTOP-TFHE154E  ; Windows 10 ; 10.0       ; x86_64         ;
; EDA Netlist Writer   ; LAPTOP-TFHE154E  ; Windows 10 ; 10.0       ; x86_64         ;
; EDA Netlist Writer   ; LAPTOP-TFHE154E  ; Windows 10 ; 10.0       ; x86_64         ;
; EDA Netlist Writer   ; LAPTOP-TFHE154E  ; Windows 10 ; 10.0       ; x86_64         ;
; EDA Netlist Writer   ; LAPTOP-TFHE154E  ; Windows 10 ; 10.0       ; x86_64         ;
; EDA Netlist Writer   ; LAPTOP-TFHE154E  ; Windows 10 ; 10.0       ; x86_64         ;
; EDA Netlist Writer   ; LAPTOP-TFHE154E  ; Windows 10 ; 10.0       ; x86_64         ;
; EDA Netlist Writer   ; LAPTOP-TFHE154E  ; Windows 10 ; 10.0       ; x86_64         ;
; EDA Netlist Writer   ; LAPTOP-TFHE154E  ; Windows 10 ; 10.0       ; x86_64         ;
; EDA Netlist Writer   ; LAPTOP-TFHE154E  ; Windows 10 ; 10.0       ; x86_64         ;
; EDA Netlist Writer   ; LAPTOP-TFHE154E  ; Windows 10 ; 10.0       ; x86_64         ;
; EDA Netlist Writer   ; LAPTOP-TFHE154E  ; Windows 10 ; 10.0       ; x86_64         ;
; EDA Netlist Writer   ; LAPTOP-TFHE154E  ; Windows 10 ; 10.0       ; x86_64         ;
; EDA Netlist Writer   ; LAPTOP-TFHE154E  ; Windows 10 ; 10.0       ; x86_64         ;
; EDA Netlist Writer   ; LAPTOP-TFHE154E  ; Windows 10 ; 10.0       ; x86_64         ;
; EDA Netlist Writer   ; LAPTOP-TFHE154E  ; Windows 10 ; 10.0       ; x86_64         ;
+----------------------+------------------+------------+------------+----------------+


------------
; Flow Log ;
------------
quartus_map --read_settings_files=on --write_settings_files=off top_module -c top_module
quartus_fit --read_settings_files=off --write_settings_files=off top_module -c top_module
quartus_asm --read_settings_files=off --write_settings_files=off top_module -c top_module
quartus_sta top_module -c top_module
quartus_eda --gen_testbench --tool=modelsim_oem --format=verilog --write_settings_files=off top_module -c top_module --vector_source="D:/Quartus_Project/16_DSD Project/Top Module/Waveform.vwf" --testbench_file="D:/Quartus_Project/16_DSD Project/Top Module/simulation/qsim/Waveform.vwf.vt"
quartus_eda --write_settings_files=off --simulation=on --functional=on --flatten_buses=off --tool=modelsim_oem --format=verilog --output_directory="D:/Quartus_Project/16_DSD Project/Top Module/simulation/qsim/" top_module -c top_module
quartus_eda --gen_testbench --tool=modelsim_oem --format=verilog --write_settings_files=off top_module -c top_module --vector_source="D:/Quartus_Project/16_DSD Project/Top Module/Waveform.vwf" --testbench_file="D:/Quartus_Project/16_DSD Project/Top Module/simulation/qsim/Waveform.vwf.vt"
quartus_eda --write_settings_files=off --simulation=on --functional=on --flatten_buses=off --tool=modelsim_oem --format=verilog --output_directory="D:/Quartus_Project/16_DSD Project/Top Module/simulation/qsim/" top_module -c top_module
quartus_eda --gen_testbench --tool=modelsim_oem --format=verilog --write_settings_files=off top_module -c top_module --vector_source="D:/Quartus_Project/16_DSD Project/Top Module/Waveform.vwf" --testbench_file="D:/Quartus_Project/16_DSD Project/Top Module/simulation/qsim/Waveform.vwf.vt"
quartus_eda --write_settings_files=off --simulation=on --functional=on --flatten_buses=off --tool=modelsim_oem --format=verilog --output_directory="D:/Quartus_Project/16_DSD Project/Top Module/simulation/qsim/" top_module -c top_module
quartus_eda --gen_testbench --tool=modelsim_oem --format=verilog --write_settings_files=off top_module -c top_module --vector_source="D:/Quartus_Project/16_DSD Project/Top Module/Waveform.vwf" --testbench_file="D:/Quartus_Project/16_DSD Project/Top Module/simulation/qsim/Waveform.vwf.vt"
quartus_eda --write_settings_files=off --simulation=on --functional=on --flatten_buses=off --tool=modelsim_oem --format=verilog --output_directory="D:/Quartus_Project/16_DSD Project/Top Module/simulation/qsim/" top_module -c top_module
quartus_eda --gen_testbench --tool=modelsim_oem --format=verilog --write_settings_files=off top_module -c top_module --vector_source="D:/Quartus_Project/16_DSD Project/Top Module/Waveform.vwf" --testbench_file="D:/Quartus_Project/16_DSD Project/Top Module/simulation/qsim/Waveform.vwf.vt"
quartus_eda --write_settings_files=off --simulation=on --functional=on --flatten_buses=off --tool=modelsim_oem --format=verilog --output_directory="D:/Quartus_Project/16_DSD Project/Top Module/simulation/qsim/" top_module -c top_module
quartus_eda --gen_testbench --tool=modelsim_oem --format=verilog --write_settings_files=off top_module -c top_module --vector_source="D:/Quartus_Project/16_DSD Project/Top Module/Waveform.vwf" --testbench_file="D:/Quartus_Project/16_DSD Project/Top Module/simulation/qsim/Waveform.vwf.vt"
quartus_eda --write_settings_files=off --simulation=on --functional=on --flatten_buses=off --tool=modelsim_oem --format=verilog --output_directory="D:/Quartus_Project/16_DSD Project/Top Module/simulation/qsim/" top_module -c top_module
quartus_eda --gen_testbench --tool=modelsim_oem --format=verilog --write_settings_files=off top_module -c top_module --vector_source="D:/Quartus_Project/16_DSD Project/Top Module/Waveform.vwf" --testbench_file="D:/Quartus_Project/16_DSD Project/Top Module/simulation/qsim/Waveform.vwf.vt"
quartus_eda --write_settings_files=off --simulation=on --functional=on --flatten_buses=off --tool=modelsim_oem --format=verilog --output_directory="D:/Quartus_Project/16_DSD Project/Top Module/simulation/qsim/" top_module -c top_module
quartus_eda --gen_testbench --tool=modelsim_oem --format=verilog --write_settings_files=off top_module -c top_module --vector_source="D:/Quartus_Project/16_DSD Project/Top Module/Waveform.vwf" --testbench_file="D:/Quartus_Project/16_DSD Project/Top Module/simulation/qsim/Waveform.vwf.vt"
quartus_eda --write_settings_files=off --simulation=on --functional=on --flatten_buses=off --tool=modelsim_oem --format=verilog --output_directory="D:/Quartus_Project/16_DSD Project/Top Module/simulation/qsim/" top_module -c top_module
quartus_eda --gen_testbench --tool=modelsim_oem --format=verilog --write_settings_files=off top_module -c top_module --vector_source="D:/Quartus_Project/16_DSD Project/Top Module/Waveform.vwf" --testbench_file="D:/Quartus_Project/16_DSD Project/Top Module/simulation/qsim/Waveform.vwf.vt"
quartus_eda --write_settings_files=off --simulation=on --functional=on --flatten_buses=off --tool=modelsim_oem --format=verilog --output_directory="D:/Quartus_Project/16_DSD Project/Top Module/simulation/qsim/" top_module -c top_module



