Flow report for AsynBinUp
Sun Jan 16 23:26:57 2022
Quartus Prime Version 20.1.1 Build 720 11/11/2020 SJ Lite Edition


---------------------
; Table of Contents ;
---------------------
  1. Legal Notice
  2. Flow Summary
  3. Flow Settings
  4. Flow Non-Default Global Settings
  5. Flow Elapsed Time
  6. Flow OS Summary
  7. Flow Log
  8. Flow Messages
  9. Flow Suppressed Messages



----------------
; Legal Notice ;
----------------
Copyright (C) 2020  Intel Corporation. All rights reserved.
Your use of Intel Corporation's design tools, logic functions 
and other software and tools, and any partner logic 
functions, and any output files from any of the foregoing 
(including device programming or simulation files), and any 
associated documentation or information are expressly subject 
to the terms and conditions of the Intel Program License 
Subscription Agreement, the Intel Quartus Prime License Agreement,
the Intel FPGA IP License Agreement, or other applicable license
agreement, including, without limitation, that your use is for
the sole purpose of programming logic devices manufactured by
Intel and sold by Intel or its authorized distributors.  Please
refer to the applicable agreement for further details, at
https://fpgasoftware.intel.com/eula.



+----------------------------------------------------------------------------------+
; Flow Summary                                                                     ;
+------------------------------------+---------------------------------------------+
; Flow Status                        ; Successful - Sun Jan 16 23:26:57 2022       ;
; Quartus Prime Version              ; 20.1.1 Build 720 11/11/2020 SJ Lite Edition ;
; Revision Name                      ; AsynBinUp                                   ;
; Top-level Entity Name              ; AsynBinUp                                   ;
; Family                             ; Cyclone IV E                                ;
; Total logic elements               ; 10 / 6,272 ( < 1 % )                        ;
;     Total combinational functions  ; 10 / 6,272 ( < 1 % )                        ;
;     Dedicated logic registers      ; 4 / 6,272 ( < 1 % )                         ;
; Total registers                    ; 4                                           ;
; Total pins                         ; 8 / 92 ( 9 % )                              ;
; Total virtual pins                 ; 0                                           ;
; Total memory bits                  ; 0 / 276,480 ( 0 % )                         ;
; Embedded Multiplier 9-bit elements ; 0 / 30 ( 0 % )                              ;
; Total PLLs                         ; 0 / 2 ( 0 % )                               ;
; Device                             ; EP4CE6E22C6                                 ;
; Timing Models                      ; Final                                       ;
+------------------------------------+---------------------------------------------+


+-----------------------------------------+
; Flow Settings                           ;
+-------------------+---------------------+
; Option            ; Setting             ;
+-------------------+---------------------+
; Start date & time ; 01/13/2022 15:46:06 ;
; Main task         ; Compilation         ;
; Revision Name     ; AsynBinUp           ;
+-------------------+---------------------+


+-------------------------------------------------------------------------------------------------------------------------+
; Flow Non-Default Global Settings                                                                                        ;
+-------------------------------------+----------------------------------------+---------------+-------------+------------+
; Assignment Name                     ; Value                                  ; Default Value ; Entity Name ; Section Id ;
+-------------------------------------+----------------------------------------+---------------+-------------+------------+
; COMPILER_SIGNATURE_ID               ; 1095742898405.164205996621876          ; --            ; --          ; --         ;
; PARTITION_COLOR                     ; -- (Not supported for targeted family) ; --            ; --          ; Top        ;
; PARTITION_FITTER_PRESERVATION_LEVEL ; -- (Not supported for targeted family) ; --            ; --          ; Top        ;
; PARTITION_NETLIST_TYPE              ; -- (Not supported for targeted family) ; --            ; --          ; Top        ;
; PROJECT_OUTPUT_DIRECTORY            ; output_files                           ; --            ; --          ; --         ;
+-------------------------------------+----------------------------------------+---------------+-------------+------------+


+--------------------------------------------------------------------------------------------------------------------------+
; Flow Elapsed Time                                                                                                        ;
+----------------------+--------------+-------------------------+---------------------+------------------------------------+
; Module Name          ; Elapsed Time ; Average Processors Used ; Peak Virtual Memory ; Total CPU Time (on all processors) ;
+----------------------+--------------+-------------------------+---------------------+------------------------------------+
; Analysis & Synthesis ; 00:00:18     ; 1.0                     ; 4799 MB             ; 00:00:45                           ;
; Fitter               ; 00:00:07     ; 1.0                     ; 5789 MB             ; 00:00:08                           ;
; Assembler            ; 00:00:01     ; 1.0                     ; 4681 MB             ; 00:00:01                           ;
; Timing Analyzer      ; 00:00:03     ; 1.0                     ; 4812 MB             ; 00:00:03                           ;
; EDA Netlist Writer   ; 00:00:00     ; 1.0                     ; 4628 MB             ; 00:00:01                           ;
; EDA Netlist Writer   ; 00:00:01     ; 1.0                     ; 4636 MB             ; 00:00:01                           ;
; EDA Netlist Writer   ; 00:00:01     ; 1.0                     ; 4628 MB             ; 00:00:01                           ;
; EDA Netlist Writer   ; 00:00:01     ; 1.0                     ; 4636 MB             ; 00:00:01                           ;
; EDA Netlist Writer   ; 00:00:01     ; 1.0                     ; 4629 MB             ; 00:00:01                           ;
; EDA Netlist Writer   ; 00:00:01     ; 1.0                     ; 4636 MB             ; 00:00:01                           ;
; EDA Netlist Writer   ; 00:00:01     ; 1.0                     ; 4628 MB             ; 00:00:01                           ;
; EDA Netlist Writer   ; 00:00:01     ; 1.0                     ; 4636 MB             ; 00:00:01                           ;
; EDA Netlist Writer   ; 00:00:01     ; 1.0                     ; 4629 MB             ; 00:00:01                           ;
; EDA Netlist Writer   ; 00:00:01     ; 1.0                     ; 4637 MB             ; 00:00:01                           ;
; EDA Netlist Writer   ; 00:00:01     ; 1.0                     ; 4629 MB             ; 00:00:01                           ;
; EDA Netlist Writer   ; 00:00:01     ; 1.0                     ; 4637 MB             ; 00:00:01                           ;
; EDA Netlist Writer   ; 00:00:00     ; 1.0                     ; 4628 MB             ; 00:00:01                           ;
; EDA Netlist Writer   ; 00:00:01     ; 1.0                     ; 4637 MB             ; 00:00:01                           ;
; EDA Netlist Writer   ; 00:00:01     ; 1.0                     ; 4628 MB             ; 00:00:01                           ;
; EDA Netlist Writer   ; 00:00:01     ; 1.0                     ; 4637 MB             ; 00:00:01                           ;
; EDA Netlist Writer   ; 00:00:01     ; 1.0                     ; 4628 MB             ; 00:00:01                           ;
; EDA Netlist Writer   ; 00:00:01     ; 1.0                     ; 4637 MB             ; 00:00:01                           ;
; EDA Netlist Writer   ; 00:00:01     ; 1.0                     ; 4629 MB             ; 00:00:01                           ;
; EDA Netlist Writer   ; 00:00:01     ; 1.0                     ; 4637 MB             ; 00:00:01                           ;
; EDA Netlist Writer   ; 00:00:01     ; 1.0                     ; 4629 MB             ; 00:00:01                           ;
; EDA Netlist Writer   ; 00:00:01     ; 1.0                     ; 4637 MB             ; 00:00:01                           ;
; Total                ; 00:00:49     ; --                      ; --                  ; 00:01:19                           ;
+----------------------+--------------+-------------------------+---------------------+------------------------------------+


+------------------------------------------------------------------------------------+
; Flow OS Summary                                                                    ;
+----------------------+------------------+------------+------------+----------------+
; Module Name          ; Machine Hostname ; OS Name    ; OS Version ; Processor type ;
+----------------------+------------------+------------+------------+----------------+
; Analysis & Synthesis ; LAPTOP-TFHE154E  ; Windows 10 ; 10.0       ; x86_64         ;
; Fitter               ; LAPTOP-TFHE154E  ; Windows 10 ; 10.0       ; x86_64         ;
; Assembler            ; LAPTOP-TFHE154E  ; Windows 10 ; 10.0       ; x86_64         ;
; Timing Analyzer      ; LAPTOP-TFHE154E  ; Windows 10 ; 10.0       ; x86_64         ;
; EDA Netlist Writer   ; LAPTOP-TFHE154E  ; Windows 10 ; 10.0       ; x86_64         ;
; EDA Netlist Writer   ; LAPTOP-TFHE154E  ; Windows 10 ; 10.0       ; x86_64         ;
; EDA Netlist Writer   ; LAPTOP-TFHE154E  ; Windows 10 ; 10.0       ; x86_64         ;
; EDA Netlist Writer   ; LAPTOP-TFHE154E  ; Windows 10 ; 10.0       ; x86_64         ;
; EDA Netlist Writer   ; LAPTOP-TFHE154E  ; Windows 10 ; 10.0       ; x86_64         ;
; EDA Netlist Writer   ; LAPTOP-TFHE154E  ; Windows 10 ; 10.0       ; x86_64         ;
; EDA Netlist Writer   ; LAPTOP-TFHE154E  ; Windows 10 ; 10.0       ; x86_64         ;
; EDA Netlist Writer   ; LAPTOP-TFHE154E  ; Windows 10 ; 10.0       ; x86_64         ;
; EDA Netlist Writer   ; LAPTOP-TFHE154E  ; Windows 10 ; 10.0       ; x86_64         ;
; EDA Netlist Writer   ; LAPTOP-TFHE154E  ; Windows 10 ; 10.0       ; x86_64         ;
; EDA Netlist Writer   ; LAPTOP-TFHE154E  ; Windows 10 ; 10.0       ; x86_64         ;
; EDA Netlist Writer   ; LAPTOP-TFHE154E  ; Windows 10 ; 10.0       ; x86_64         ;
; EDA Netlist Writer   ; LAPTOP-TFHE154E  ; Windows 10 ; 10.0       ; x86_64         ;
; EDA Netlist Writer   ; LAPTOP-TFHE154E  ; Windows 10 ; 10.0       ; x86_64         ;
; EDA Netlist Writer   ; LAPTOP-TFHE154E  ; Windows 10 ; 10.0       ; x86_64         ;
; EDA Netlist Writer   ; LAPTOP-TFHE154E  ; Windows 10 ; 10.0       ; x86_64         ;
; EDA Netlist Writer   ; LAPTOP-TFHE154E  ; Windows 10 ; 10.0       ; x86_64         ;
; EDA Netlist Writer   ; LAPTOP-TFHE154E  ; Windows 10 ; 10.0       ; x86_64         ;
; EDA Netlist Writer   ; LAPTOP-TFHE154E  ; Windows 10 ; 10.0       ; x86_64         ;
; EDA Netlist Writer   ; LAPTOP-TFHE154E  ; Windows 10 ; 10.0       ; x86_64         ;
; EDA Netlist Writer   ; LAPTOP-TFHE154E  ; Windows 10 ; 10.0       ; x86_64         ;
; EDA Netlist Writer   ; LAPTOP-TFHE154E  ; Windows 10 ; 10.0       ; x86_64         ;
+----------------------+------------------+------------+------------+----------------+


------------
; Flow Log ;
------------
quartus_map --read_settings_files=on --write_settings_files=off AsynBinUp -c AsynBinUp
quartus_fit --read_settings_files=off --write_settings_files=off AsynBinUp -c AsynBinUp
quartus_asm --read_settings_files=off --write_settings_files=off AsynBinUp -c AsynBinUp
quartus_sta AsynBinUp -c AsynBinUp
quartus_eda --gen_testbench --tool=modelsim_oem --format=verilog --write_settings_files=off AsynBinUp -c AsynBinUp --vector_source=D:/Quartus_Project/14_Lab9(1)/Waveform.vwf --testbench_file=D:/Quartus_Project/14_Lab9(1)/simulation/qsim/Waveform.vwf.vt
quartus_eda --write_settings_files=off --simulation=on --functional=on --flatten_buses=off --tool=modelsim_oem --format=verilog --output_directory=D:/Quartus_Project/14_Lab9(1)/simulation/qsim/ AsynBinUp -c AsynBinUp
quartus_eda --gen_testbench --tool=modelsim_oem --format=verilog --write_settings_files=off AsynBinUp -c AsynBinUp --vector_source=D:/Quartus_Project/14_Lab9(1)/Waveform.vwf --testbench_file=D:/Quartus_Project/14_Lab9(1)/simulation/qsim/Waveform.vwf.vt
quartus_eda --write_settings_files=off --simulation=on --functional=on --flatten_buses=off --tool=modelsim_oem --format=verilog --output_directory=D:/Quartus_Project/14_Lab9(1)/simulation/qsim/ AsynBinUp -c AsynBinUp
quartus_eda --gen_testbench --tool=modelsim_oem --format=verilog --write_settings_files=off AsynBinUp -c AsynBinUp --vector_source=D:/Quartus_Project/14_Lab9(1)/Waveform.vwf --testbench_file=D:/Quartus_Project/14_Lab9(1)/simulation/qsim/Waveform.vwf.vt
quartus_eda --write_settings_files=off --simulation=on --functional=on --flatten_buses=off --tool=modelsim_oem --format=verilog --output_directory=D:/Quartus_Project/14_Lab9(1)/simulation/qsim/ AsynBinUp -c AsynBinUp
quartus_eda --gen_testbench --tool=modelsim_oem --format=verilog --write_settings_files=off AsynBinUp -c AsynBinUp --vector_source=D:/Quartus_Project/14_Lab9(1)/Waveform.vwf --testbench_file=D:/Quartus_Project/14_Lab9(1)/simulation/qsim/Waveform.vwf.vt
quartus_eda --write_settings_files=off --simulation=on --functional=on --flatten_buses=off --tool=modelsim_oem --format=verilog --output_directory=D:/Quartus_Project/14_Lab9(1)/simulation/qsim/ AsynBinUp -c AsynBinUp
quartus_eda --gen_testbench --tool=modelsim_oem --format=verilog --write_settings_files=off AsynBinUp -c AsynBinUp --vector_source=D:/Quartus_Project/14_Lab9(1)/Waveform.vwf --testbench_file=D:/Quartus_Project/14_Lab9(1)/simulation/qsim/Waveform.vwf.vt
quartus_eda --write_settings_files=off --simulation=on --functional=on --flatten_buses=off --tool=modelsim_oem --format=verilog --output_directory=D:/Quartus_Project/14_Lab9(1)/simulation/qsim/ AsynBinUp -c AsynBinUp
quartus_eda --gen_testbench --tool=modelsim_oem --format=verilog --write_settings_files=off AsynBinUp -c AsynBinUp --vector_source=D:/Quartus_Project/14_Lab9(1)/Waveform.vwf --testbench_file=D:/Quartus_Project/14_Lab9(1)/simulation/qsim/Waveform.vwf.vt
quartus_eda --write_settings_files=off --simulation=on --functional=on --flatten_buses=off --tool=modelsim_oem --format=verilog --output_directory=D:/Quartus_Project/14_Lab9(1)/simulation/qsim/ AsynBinUp -c AsynBinUp
quartus_eda --gen_testbench --tool=modelsim_oem --format=verilog --write_settings_files=off AsynBinUp -c AsynBinUp --vector_source=D:/Quartus_Project/14_Lab9(1)/Waveform.vwf --testbench_file=D:/Quartus_Project/14_Lab9(1)/simulation/qsim/Waveform.vwf.vt
quartus_eda --write_settings_files=off --simulation=on --functional=on --flatten_buses=off --tool=modelsim_oem --format=verilog --output_directory=D:/Quartus_Project/14_Lab9(1)/simulation/qsim/ AsynBinUp -c AsynBinUp
quartus_eda --gen_testbench --tool=modelsim_oem --format=verilog --write_settings_files=off AsynBinUp -c AsynBinUp --vector_source=D:/Quartus_Project/14_Lab9(1)/Waveform.vwf --testbench_file=D:/Quartus_Project/14_Lab9(1)/simulation/qsim/Waveform.vwf.vt
quartus_eda --write_settings_files=off --simulation=on --functional=on --flatten_buses=off --tool=modelsim_oem --format=verilog --output_directory=D:/Quartus_Project/14_Lab9(1)/simulation/qsim/ AsynBinUp -c AsynBinUp
quartus_eda --gen_testbench --tool=modelsim_oem --format=verilog --write_settings_files=off AsynBinUp -c AsynBinUp --vector_source=D:/Quartus_Project/14_Lab9(1)/Waveform.vwf --testbench_file=D:/Quartus_Project/14_Lab9(1)/simulation/qsim/Waveform.vwf.vt
quartus_eda --write_settings_files=off --simulation=on --functional=on --flatten_buses=off --tool=modelsim_oem --format=verilog --output_directory=D:/Quartus_Project/14_Lab9(1)/simulation/qsim/ AsynBinUp -c AsynBinUp
quartus_eda --gen_testbench --tool=modelsim_oem --format=verilog --write_settings_files=off AsynBinUp -c AsynBinUp --vector_source=D:/Quartus_Project/14_Lab9(1)/Waveform.vwf --testbench_file=D:/Quartus_Project/14_Lab9(1)/simulation/qsim/Waveform.vwf.vt
quartus_eda --write_settings_files=off --simulation=on --functional=on --flatten_buses=off --tool=modelsim_oem --format=verilog --output_directory=D:/Quartus_Project/14_Lab9(1)/simulation/qsim/ AsynBinUp -c AsynBinUp
quartus_eda --gen_testbench --tool=modelsim_oem --format=verilog --write_settings_files=off AsynBinUp -c AsynBinUp --vector_source=D:/Quartus_Project/14_Lab9(1)/Waveform.vwf --testbench_file=D:/Quartus_Project/14_Lab9(1)/simulation/qsim/Waveform.vwf.vt
quartus_eda --write_settings_files=off --simulation=on --functional=on --flatten_buses=off --tool=modelsim_oem --format=verilog --output_directory=D:/Quartus_Project/14_Lab9(1)/simulation/qsim/ AsynBinUp -c AsynBinUp



